M3APP.exe: 00004B8C: 17:53:22 []:>--------------------------------------------------------------<
M3APP.exe: 00004B8C: 17:53:22 [TUniServerModule]:Server First Init.
M3APP.exe: 00004B8C: 17:53:22 [TUniServerModule]:Debug Mode = ON
M3APP.exe: 00004B8C: 17:53:22 [TUniServerModule]:Starting HTTP Server on Port: 8077...
M3APP.exe: 00004B8C: 17:53:22 [TUniServerModule]:HTTP Server Started on Port: 8077
M3APP.exe: 00004894: 18:31:36 []:>--------------------------------------------------------------<
M3APP.exe: 00004894: 18:31:36 [TUniServerModule]:Server First Init.
M3APP.exe: 00004894: 18:31:36 [TUniServerModule]:Debug Mode = ON
M3APP.exe: 00004894: 18:31:36 [TUniServerModule]:Starting HTTP Server on Port: 8077...
M3APP.exe: 00004894: 18:31:36 [TUniServerModule]:HTTP Server Started on Port: 8077
M3APP.exe: 00003364: 18:31:46 []:>--------------------------------------------------------------<
M3APP.exe: 00003364: 18:31:46 [TUniServerModule]:Server First Init.
M3APP.exe: 00003364: 18:31:46 [TUniServerModule]:Debug Mode = ON
M3APP.exe: 00003364: 18:31:46 [TUniServerModule]:Starting HTTP Server on Port: 8077...
M3APP.exe: 00003364: 18:31:46 [TUniServerModule]:HTTP Server Started on Port: 8077
M3APP.exe: 00004DD0: 18:32:19 [127.0.0.1]:EClassNotFound : Class TFDPhysPgDriverLink not found : Addr: $004AD3FE
M3APP.exe: 00004070: 18:32:19 [HandleFileRequest[127.0.0.1]]:File not found: C:\M3_App\favicon.ico
M3APP.exe: 00004204: 18:35:07 []:>--------------------------------------------------------------<
M3APP.exe: 00004204: 18:35:07 [TUniServerModule]:Server First Init.
M3APP.exe: 00004204: 18:35:07 [TUniServerModule]:Debug Mode = ON
M3APP.exe: 00004204: 18:35:07 [TUniServerModule]:Starting HTTP Server on Port: 8077...
M3APP.exe: 00004204: 18:35:07 [TUniServerModule]:HTTP Server Started on Port: 8077
M3APP.exe: 00000E60: 18:57:05 []:>--------------------------------------------------------------<
M3APP.exe: 00000E60: 18:57:05 [TUniServerModule]:Server First Init.
M3APP.exe: 00000E60: 18:57:05 [TUniServerModule]:Debug Mode = ON
M3APP.exe: 00000E60: 18:57:05 [TUniServerModule]:Starting HTTP Server on Port: 8077...
M3APP.exe: 00000E60: 18:57:05 [TUniServerModule]:HTTP Server Started on Port: 8077
M3APP.exe: 00004E78: 19:04:53 []:>--------------------------------------------------------------<
M3APP.exe: 00004E78: 19:04:53 [TUniServerModule]:Server First Init.
M3APP.exe: 00004E78: 19:04:53 [TUniServerModule]:Debug Mode = ON
M3APP.exe: 00004E78: 19:04:53 [TUniServerModule]:Global Cache Folder Erased. <2> Files deleted.
M3APP.exe: 00004E78: 19:04:53 [TUniServerModule]:Starting HTTP Server on Port: 8077...
M3APP.exe: 00004E78: 19:04:53 [TUniServerModule]:HTTP Server Started on Port: 8077
M3APP.exe: 000037D8: 19:07:16 []:>--------------------------------------------------------------<
M3APP.exe: 000037D8: 19:07:17 [TUniServerModule]:Server First Init.
M3APP.exe: 000037D8: 19:07:17 [TUniServerModule]:Debug Mode = ON
M3APP.exe: 000037D8: 19:07:17 [TUniServerModule]:Starting HTTP Server on Port: 8077...
M3APP.exe: 000037D8: 19:07:17 [TUniServerModule]:HTTP Server Started on Port: 8077
M3APP.exe: 00004AB0: 19:07:36 [127.0.0.1]:EUniSessionException : Invalid session or session Timeout. (Session not found: WvDGtr2snm10E1A685C ) : Addr: $00753585
M3APP.exe: 00001270: 19:21:55 []:>--------------------------------------------------------------<
M3APP.exe: 00001270: 19:21:55 [TUniServerModule]:Server First Init.
M3APP.exe: 00001270: 19:21:55 [TUniServerModule]:Debug Mode = ON
M3APP.exe: 00001270: 19:21:55 [TUniServerModule]:Global Cache Folder Erased. <27> Files deleted.
M3APP.exe: 00001270: 19:21:55 [TUniServerModule]:Starting HTTP Server on Port: 8077...
M3APP.exe: 00001270: 19:21:55 [TUniServerModule]:HTTP Server Started on Port: 8077
M3APP.exe: 00004B48: 19:22:11 [127.0.0.1]:EUniSessionException : Invalid session or session Timeout. (Session not found: qzGQkYdyof10E1A6B2C ) : Addr: $00753585
M3APP.exe: 00000CD8: 19:55:37 []:>--------------------------------------------------------------<
M3APP.exe: 00000CD8: 19:55:37 [TUniServerModule]:Server First Init.
M3APP.exe: 00000CD8: 19:55:37 [TUniServerModule]:Debug Mode = ON
M3APP.exe: 00000CD8: 19:55:37 [TUniServerModule]:Global Cache Folder Erased. <38> Files deleted.
M3APP.exe: 00000CD8: 19:55:37 [TUniServerModule]:Starting HTTP Server on Port: 8077...
M3APP.exe: 00000CD8: 19:55:37 [TUniServerModule]:HTTP Server Started on Port: 8077
M3APP.exe: 00004624: 19:56:52 [127.0.0.1]:EUniSessionException : Invalid session or session Timeout. (Session not found: dIZSNilEtr10E1A6F27 ) : Addr: $00753585
M3APP.exe: 00005234: 20:18:19 []:>--------------------------------------------------------------<
M3APP.exe: 00005234: 20:18:19 [TUniServerModule]:Server First Init.
M3APP.exe: 00005234: 20:18:19 [TUniServerModule]:Debug Mode = ON
M3APP.exe: 00005234: 20:18:19 [TUniServerModule]:Global Cache Folder Erased. <6> Files deleted.
M3APP.exe: 00005234: 20:18:19 [TUniServerModule]:Starting HTTP Server on Port: 8077...
M3APP.exe: 00005234: 20:18:19 [TUniServerModule]:HTTP Server Started on Port: 8077
M3APP.exe: 00003940: 20:18:28 [127.0.0.1]:EUniSessionException : Invalid session or session Timeout. (Session not found: FdSydUO7dD10E1A787D ) : Addr: $00753625
M3APP.exe: 0000545C: 20:51:21 []:>--------------------------------------------------------------<
M3APP.exe: 0000545C: 20:51:21 [TUniServerModule]:Server First Init.
M3APP.exe: 0000545C: 20:51:21 [TUniServerModule]:Debug Mode = ON
M3APP.exe: 0000545C: 20:51:21 [TUniServerModule]:Global Cache Folder Erased. <6> Files deleted.
M3APP.exe: 0000545C: 20:51:21 [TUniServerModule]:Starting HTTP Server on Port: 8077...
M3APP.exe: 0000545C: 20:51:21 [TUniServerModule]:HTTP Server Started on Port: 8077
M3APP.exe: 00003DA4: 20:51:31 [127.0.0.1]:EUniSessionException : Invalid session or session Timeout. (Session not found: Z2YpPxydbW10E1A7E66 ) : Addr: $00753625
M3APP.exe: 000041E8: 21:24:15 []:>--------------------------------------------------------------<
M3APP.exe: 000041E8: 21:24:15 [TUniServerModule]:Server First Init.
M3APP.exe: 000041E8: 21:24:15 [TUniServerModule]:Debug Mode = ON
M3APP.exe: 000041E8: 21:24:15 [TUniServerModule]:Global Cache Folder Erased. <8> Files deleted.
M3APP.exe: 000041E8: 21:24:15 [TUniServerModule]:Starting HTTP Server on Port: 8077...
M3APP.exe: 000041E8: 21:24:15 [TUniServerModule]:HTTP Server Started on Port: 8077
M3APP.exe: 00001F64: 21:24:20 [127.0.0.1]:EUniSessionException : Invalid session or session Timeout. (Session not found: IesMUkqer510E1A875D ) : Addr: $00753585
M3APP.exe: 00004D84: 21:24:20 [127.0.0.1]:EUniSessionException : Invalid session or session Timeout. (Session not found: IesMUkqer510E1A875D ) : Addr: $00753585
M3APP.exe: 0000121C: 21:24:22 [127.0.0.1]:EUniSessionException : Invalid session or session Timeout. (Session not found: IesMUkqer510E1A875D ) : Addr: $00753585
M3APP.exe: 000032AC: 21:24:23 [127.0.0.1]:EUniSessionException : Invalid session or session Timeout. (Session not found: IesMUkqer510E1A875D ) : Addr: $00753585
M3APP.exe: 00004EE4: 21:26:10 []:>--------------------------------------------------------------<
M3APP.exe: 00004EE4: 21:26:10 [TUniServerModule]:Server First Init.
M3APP.exe: 00004EE4: 21:26:10 [TUniServerModule]:Debug Mode = ON
M3APP.exe: 00004EE4: 21:26:10 [TUniServerModule]:Global Cache Folder Erased. <6> Files deleted.
M3APP.exe: 00004EE4: 21:26:10 [TUniServerModule]:Starting HTTP Server on Port: 8077...
M3APP.exe: 00004EE4: 21:26:10 [TUniServerModule]:HTTP Server Started on Port: 8077
M3APP.exe: 0000337C: 21:26:12 [127.0.0.1]:EUniSessionException : Invalid session or session Timeout. (Session not found: r6NuM8YE7L10E1A904D ) : Addr: $00753585
M3APP.exe: 000051E4: 21:30:35 []:>--------------------------------------------------------------<
M3APP.exe: 000051E4: 21:30:35 [TUniServerModule]:Server First Init.
M3APP.exe: 000051E4: 21:30:35 [TUniServerModule]:Debug Mode = ON
M3APP.exe: 000051E4: 21:30:35 [TUniServerModule]:Global Cache Folder Erased. <6> Files deleted.
M3APP.exe: 000051E4: 21:30:35 [TUniServerModule]:Starting HTTP Server on Port: 8077...
M3APP.exe: 000051E4: 21:30:35 [TUniServerModule]:HTTP Server Started on Port: 8077
M3APP.exe: 0000422C: 21:30:37 [127.0.0.1]:EUniSessionException : Invalid session or session Timeout. (Session not found: fKHaf6nihl10E1A90CC ) : Addr: $00753585
M3APP.exe: 000053D0: 21:30:38 [127.0.0.1]:EUniSessionException : Invalid session or session Timeout. (Session not found: fKHaf6nihl10E1A90CC ) : Addr: $00753585
M3APP.exe: 000052C0: 21:32:40 []:>--------------------------------------------------------------<
M3APP.exe: 000052C0: 21:32:40 [TUniServerModule]:Server First Init.
M3APP.exe: 000052C0: 21:32:40 [TUniServerModule]:Debug Mode = ON
M3APP.exe: 000052C0: 21:32:40 [TUniServerModule]:Global Cache Folder Erased. <6> Files deleted.
M3APP.exe: 000052C0: 21:32:40 [TUniServerModule]:Starting HTTP Server on Port: 8077...
M3APP.exe: 000052C0: 21:32:40 [TUniServerModule]:HTTP Server Started on Port: 8077
M3APP.exe: 00003500: 21:32:42 [127.0.0.1]:EUniSessionException : Invalid session or session Timeout. (Session not found: SmqIqd2LoZ10E1A91FF ) : Addr: $00753585
M3APP.exe: 00003A5C: 21:32:44 [127.0.0.1]:EUniSessionException : Invalid session or session Timeout. (Session not found: SmqIqd2LoZ10E1A91FF ) : Addr: $00753585
M3APP.exe: 000057E8: 21:44:49 []:>--------------------------------------------------------------<
M3APP.exe: 000057E8: 21:44:49 [TUniServerModule]:Server First Init.
M3APP.exe: 000057E8: 21:44:49 [TUniServerModule]:Debug Mode = ON
M3APP.exe: 000057E8: 21:44:49 [TUniServerModule]:Global Cache Folder Erased. <7> Files deleted.
M3APP.exe: 000057E8: 21:44:49 [TUniServerModule]:Starting HTTP Server on Port: 8077...
M3APP.exe: 000057E8: 21:44:49 [TUniServerModule]:HTTP Server Started on Port: 8077
M3APP.exe: 00003E44: 21:44:51 [127.0.0.1]:EUniSessionException : Invalid session or session Timeout. (Session not found: qrlAhWvTc410E1A9292 ) : Addr: $00753585
