M3APP.exe: 000044B4: 10:51:32 []:>--------------------------------------------------------------<
M3APP.exe: 000044B4: 10:51:32 [TUniServerModule]:Server First Init.
M3APP.exe: 000044B4: 10:51:32 [TUniServerModule]:Debug Mode = ON
M3APP.exe: 000044B4: 10:51:32 [TUniServerModule]:Global Cache Folder Erased. <8> Files deleted.
M3APP.exe: 000044B4: 10:51:32 [TUniServerModule]:Starting HTTP Server on Port: 8077...
M3APP.exe: 000044B4: 10:51:32 [TUniServerModule]:HTTP Server Started on Port: 8077
M3APP.exe: 00002CFC: 10:51:43 [HandleFileRequest[127.0.0.1]]:File not found: C:\M3_App\temp\favicon.ico
M3APP.exe: 00000CD8: 10:53:17 [127.0.0.1]:EClassNotFound : Class TFormFuncionario not found : Addr: $004AD3FE
M3APP.exe: 000047D8: 22:44:20 []:>--------------------------------------------------------------<
M3APP.exe: 000047D8: 22:44:20 [TUniServerModule]:Server First Init.
M3APP.exe: 000047D8: 22:44:20 [TUniServerModule]:Debug Mode = ON
M3APP.exe: 000047D8: 22:44:20 [TUniServerModule]:Global Cache Folder Erased. <10> Files deleted.
M3APP.exe: 000047D8: 22:44:20 [TUniServerModule]:Starting HTTP Server on Port: 8077...
M3APP.exe: 000047D8: 22:44:20 [TUniServerModule]:HTTP Server Started on Port: 8077
M3APP.exe: 0000279C: 22:44:30 [HandleFileRequest[127.0.0.1]]:File not found: C:\M3_App\temp\favicon.ico
M3APP.exe: 00003A2C: 22:44:55 [127.0.0.1]:EClassNotFound : Class FormModelo2 not found : Addr: $004AD3FE
M3APP.exe: 00003524: 22:57:00 []:>--------------------------------------------------------------<
M3APP.exe: 00003524: 22:57:00 [TUniServerModule]:Server First Init.
M3APP.exe: 00003524: 22:57:00 [TUniServerModule]:Debug Mode = ON
M3APP.exe: 00003524: 22:57:01 [TUniServerModule]:Global Cache Folder Erased. <8> Files deleted.
M3APP.exe: 00003524: 22:57:01 [TUniServerModule]:Starting HTTP Server on Port: 8077...
M3APP.exe: 00003524: 22:57:01 [TUniServerModule]:HTTP Server Started on Port: 8077
M3APP.exe: 00000794: 23:04:09 []:>--------------------------------------------------------------<
M3APP.exe: 00000794: 23:04:09 [TUniServerModule]:Server First Init.
M3APP.exe: 00000794: 23:04:09 [TUniServerModule]:Debug Mode = ON
M3APP.exe: 00000794: 23:04:09 [TUniServerModule]:Global Cache Folder Erased. <10> Files deleted.
M3APP.exe: 00000794: 23:04:09 [TUniServerModule]:Starting HTTP Server on Port: 8077...
M3APP.exe: 00000794: 23:04:09 [TUniServerModule]:HTTP Server Started on Port: 8077
M3APP.exe: 00000E70: 23:04:24 [127.0.0.1]:EUniSessionException : Invalid session or session Timeout. (Session not found: 42vZUYfO7R10E1C3011 ) : Addr: $00753585
M3APP.exe: 000045E8: 23:05:33 [127.0.0.1]:EClassNotFound : Class FormModelo2 not found : Addr: $004AD3FE
M3APP.exe: 00004770: 23:24:56 []:>--------------------------------------------------------------<
M3APP.exe: 00004770: 23:24:56 [TUniServerModule]:Server First Init.
M3APP.exe: 00004770: 23:24:56 [TUniServerModule]:Debug Mode = ON
M3APP.exe: 00004770: 23:24:56 [TUniServerModule]:Global Cache Folder Erased. <8> Files deleted.
M3APP.exe: 00004770: 23:24:56 [TUniServerModule]:Starting HTTP Server on Port: 8077...
M3APP.exe: 00004770: 23:24:56 [TUniServerModule]:HTTP Server Started on Port: 8077
M3APP.exe: 00002174: 23:25:07 [127.0.0.1]:EUniSessionException : Invalid session or session Timeout. (Session not found: NPdlT2XeGI10E1C320A ) : Addr: $00753585
M3APP.exe: 00002DDC: 23:25:23 [127.0.0.1]:EClassNotFound : Class TFormModelo not found : Addr: $004AD3FE
M3APP.exe: 00003934: 23:25:58 []:>--------------------------------------------------------------<
M3APP.exe: 00003934: 23:25:58 [TUniServerModule]:Server First Init.
M3APP.exe: 00003934: 23:25:58 [TUniServerModule]:Debug Mode = ON
M3APP.exe: 00003934: 23:25:58 [TUniServerModule]:Global Cache Folder Erased. <7> Files deleted.
M3APP.exe: 00003934: 23:25:58 [TUniServerModule]:Starting HTTP Server on Port: 8077...
M3APP.exe: 00003934: 23:25:58 [TUniServerModule]:HTTP Server Started on Port: 8077
M3APP.exe: 000036F4: 23:26:06 [127.0.0.1]:EUniSessionException : Invalid session or session Timeout. (Session not found: dym6rvALJz10E1C37A1 ) : Addr: $00753585
M3APP.exe: 00000588: 23:26:17 [127.0.0.1]:EClassNotFound : Class TFormModelo not found : Addr: $004AD3FE
M3APP.exe: 00000794: 23:26:33 [127.0.0.1]:EComponentError : A component named TabSheetMenuFuncionario already exists : Addr: $004CB22E
M3APP.exe: 00000794: 23:26:34 [127.0.0.1]:EAccessViolation : Access violation at address 008F6C64 in module 'M3APP.exe'. Read of address 00000528 : Addr: $008F6C64
M3APP.exe: 00001208: 23:26:38 []:>--------------------------------------------------------------<
M3APP.exe: 00001208: 23:26:38 [TUniServerModule]:Server First Init.
M3APP.exe: 00001208: 23:26:38 [TUniServerModule]:Debug Mode = ON
M3APP.exe: 00001208: 23:26:38 [TUniServerModule]:Global Cache Folder Erased. <8> Files deleted.
M3APP.exe: 00001208: 23:26:38 [TUniServerModule]:Starting HTTP Server on Port: 8077...
M3APP.exe: 00001208: 23:26:38 [TUniServerModule]:HTTP Server Started on Port: 8077
M3APP.exe: 00004AB0: 23:26:47 [127.0.0.1]:EUniSessionException : Invalid session or session Timeout. (Session not found: eKuOAHbMTX10E1C37EC ) : Addr: $00753585
M3APP.exe: 000038B0: 23:28:37 []:>--------------------------------------------------------------<
M3APP.exe: 000038B0: 23:28:37 [TUniServerModule]:Server First Init.
M3APP.exe: 000038B0: 23:28:37 [TUniServerModule]:Debug Mode = ON
M3APP.exe: 000038B0: 23:28:37 [TUniServerModule]:Global Cache Folder Erased. <6> Files deleted.
M3APP.exe: 000038B0: 23:28:37 [TUniServerModule]:Starting HTTP Server on Port: 8077...
M3APP.exe: 000038B0: 23:28:37 [TUniServerModule]:HTTP Server Started on Port: 8077
M3APP.exe: 00005214: 23:28:50 [127.0.0.1]:EClassNotFound : Class TFraTTFormModelo not found : Addr: $004AD3FE
M3APP.exe: 00004798: 23:28:59 []:>--------------------------------------------------------------<
M3APP.exe: 00004798: 23:28:59 [TUniServerModule]:Server First Init.
M3APP.exe: 00004798: 23:28:59 [TUniServerModule]:Debug Mode = ON
M3APP.exe: 00004798: 23:28:59 [TUniServerModule]:Global Cache Folder Erased. <7> Files deleted.
M3APP.exe: 00004798: 23:28:59 [TUniServerModule]:Starting HTTP Server on Port: 8077...
M3APP.exe: 00004798: 23:28:59 [TUniServerModule]:HTTP Server Started on Port: 8077
M3APP.exe: 000012B8: 23:29:02 [127.0.0.1]:EUniSessionException : Invalid session or session Timeout. (Session not found: KEajRdGxBj10E1C389F ) : Addr: $00753585
M3APP.exe: 00001A28: 23:29:18 [127.0.0.1]:EClassNotFound : Class TFraTFormModelo not found : Addr: $004AD3FE
M3APP.exe: 00004028: 23:29:56 []:>--------------------------------------------------------------<
M3APP.exe: 00004028: 23:29:56 [TUniServerModule]:Server First Init.
M3APP.exe: 00004028: 23:29:56 [TUniServerModule]:Debug Mode = ON
M3APP.exe: 00004028: 23:29:56 [TUniServerModule]:Global Cache Folder Erased. <7> Files deleted.
M3APP.exe: 00004028: 23:29:56 [TUniServerModule]:Starting HTTP Server on Port: 8077...
M3APP.exe: 00004028: 23:29:56 [TUniServerModule]:HTTP Server Started on Port: 8077
M3APP.exe: 00004C70: 23:30:04 [127.0.0.1]:EUniSessionException : Invalid session or session Timeout. (Session not found: pSbOyEQYqG10E1C38B9 ) : Addr: $00753585
M3APP.exe: 00000754: 23:30:17 [127.0.0.1]:EClassNotFound : Class TFraFormModelo not found : Addr: $004AD3FE
M3APP.exe: 000006DC: 23:40:17 []:>--------------------------------------------------------------<
M3APP.exe: 000006DC: 23:40:17 [TUniServerModule]:Server First Init.
M3APP.exe: 000006DC: 23:40:17 [TUniServerModule]:Debug Mode = ON
M3APP.exe: 000006DC: 23:40:17 [TUniServerModule]:Global Cache Folder Erased. <11> Files deleted.
M3APP.exe: 000006DC: 23:40:17 [TUniServerModule]:Starting HTTP Server on Port: 8077...
M3APP.exe: 000006DC: 23:40:17 [TUniServerModule]:HTTP Server Started on Port: 8077
M3APP.exe: 000015E4: 23:40:22 [127.0.0.1]:EUniSessionException : Invalid session or session Timeout. (Session not found: aGOIbfX59610E1C3914 ) : Addr: $00753585
M3APP.exe: 00003614: 23:41:36 []:>--------------------------------------------------------------<
M3APP.exe: 00003614: 23:41:36 [TUniServerModule]:Server First Init.
M3APP.exe: 00003614: 23:41:36 [TUniServerModule]:Debug Mode = ON
M3APP.exe: 00003614: 23:41:36 [TUniServerModule]:Global Cache Folder Erased. <7> Files deleted.
M3APP.exe: 00003614: 23:41:36 [TUniServerModule]:Starting HTTP Server on Port: 8077...
M3APP.exe: 00003614: 23:41:36 [TUniServerModule]:HTTP Server Started on Port: 8077
M3APP.exe: 00001B08: 23:41:41 [127.0.0.1]:EUniSessionException : Invalid session or session Timeout. (Session not found: iLjLHXLS2310E1C3BCC ) : Addr: $00753585
M3APP.exe: 00003F20: 23:41:50 [127.0.0.1]:EClassNotFound : Class TFraFormModelo not found : Addr: $004AD3FE
M3APP.exe: 00005580: 23:50:12 []:>--------------------------------------------------------------<
M3APP.exe: 00005580: 23:50:12 [TUniServerModule]:Server First Init.
M3APP.exe: 00005580: 23:50:12 [TUniServerModule]:Debug Mode = ON
M3APP.exe: 00005580: 23:50:12 [TUniServerModule]:Global Cache Folder Erased. <7> Files deleted.
M3APP.exe: 00005580: 23:50:12 [TUniServerModule]:Starting HTTP Server on Port: 8077...
M3APP.exe: 00005580: 23:50:12 [TUniServerModule]:HTTP Server Started on Port: 8077
M3APP.exe: 000042CC: 23:50:18 [127.0.0.1]:EUniSessionException : Invalid session or session Timeout. (Session not found: 9fiZB9Jobv10E1C3C29 ) : Addr: $00753585
M3APP.exe: 00000DDC: 23:58:34 []:>--------------------------------------------------------------<
M3APP.exe: 00000DDC: 23:58:34 [TUniServerModule]:Server First Init.
M3APP.exe: 00000DDC: 23:58:34 [TUniServerModule]:Debug Mode = ON
M3APP.exe: 00000DDC: 23:58:34 [TUniServerModule]:Global Cache Folder Erased. <7> Files deleted.
M3APP.exe: 00000DDC: 23:58:34 [TUniServerModule]:Starting HTTP Server on Port: 8077...
M3APP.exe: 00000DDC: 23:58:34 [TUniServerModule]:HTTP Server Started on Port: 8077
M3APP.exe: 00000DDC: 23:58:39 [Terminated]:Exit Code: 1
M3APP.exe: 00005344: 23:58:41 [127.0.0.1]:EUniSessionException : Invalid session or session Timeout. (Session not found: GfGdsOwyp910E1C3E7C ) : Addr: $00753585
M3APP.exe: 00001398: 23:58:43 [127.0.0.1]:EUniSessionException : Invalid session or session Timeout. (Session not found: GfGdsOwyp910E1C3E7C ) : Addr: $00753585
M3APP.exe: 00003548: 23:58:45 [IndyListen]:EIdSocketError : Socket Error # 10093
 : Addr: $0069FCBC
M3APP.exe: 00005344: 23:58:45 [Indy]:EIdWinsockStubError : Error on call to Winsock2 library function shutdown: O aplicativo n達o chamou WSAStartup ou WSAStartup falhou : Addr: $00691C13
M3APP.exe: 00003548: 23:58:46 [IndyListen]:EIdSocketError : Socket Error # 10093
 : Addr: $0069FCBC
M3APP.exe: 00001398: 23:58:47 [Indy]:EIdWinsockStubError : Error on call to Winsock2 library function shutdown: O aplicativo n達o chamou WSAStartup ou WSAStartup falhou : Addr: $00691C13
M3APP.exe: 00003548: 23:58:47 [IndyListen]:EIdSocketError : Socket Error # 10093
 : Addr: $0069FCBC
M3APP.exe: 00000DDC: 23:58:47 [TUniServerModule]:Shutting Down Server.
M3APP.exe: 00000DDC: 23:58:48 [TUniServerModule]:Stopping HTTP Server.
M3APP.exe: 00003548: 23:58:48 [IndyListen]:EIdSocketError : Socket Error # 10093
 : Addr: $0069FCBC
M3APP.exe: 00000DDC: 23:58:49 [ShutDownWebServer]:EIdWinsockStubError : Error on call to Winsock2 library function shutdown: O aplicativo n達o chamou WSAStartup ou WSAStartup falhou : Addr: $00691C13
M3APP.exe: 00004ED8: 23:59:07 []:>--------------------------------------------------------------<
M3APP.exe: 00004ED8: 23:59:07 [TUniServerModule]:Server First Init.
M3APP.exe: 00004ED8: 23:59:07 [TUniServerModule]:Debug Mode = ON
M3APP.exe: 00004ED8: 23:59:07 [TUniServerModule]:Starting HTTP Server on Port: 8077...
M3APP.exe: 00004ED8: 23:59:07 [TUniServerModule]:HTTP Server Started on Port: 8077
M3APP.exe: 00004ED8: 23:59:18 [Terminated]:Exit Code: 1
M3APP.exe: 00004F98: 23:59:20 [IndyListen]:EIdSocketError : Socket Error # 10093
 : Addr: $0069FCBC
M3APP.exe: 00004F98: 23:59:21 [IndyListen]:EIdSocketError : Socket Error # 10093
 : Addr: $0069FCBC
M3APP.exe: 00004F98: 23:59:21 [IndyListen]:EIdSocketError : Socket Error # 10093
 : Addr: $0069FCBC
M3APP.exe: 00004F98: 23:59:22 [IndyListen]:EIdSocketError : Socket Error # 10093
 : Addr: $0069FCBC
M3APP.exe: 00004F98: 23:59:23 [IndyListen]:EIdSocketError : Socket Error # 10093
 : Addr: $0069FCBC
M3APP.exe: 00004ED8: 23:59:23 [TUniServerModule]:Shutting Down Server.
M3APP.exe: 00004ED8: 23:59:23 [TUniServerModule]:Stopping HTTP Server.
M3APP.exe: 00004F98: 23:59:23 [IndyListen]:EIdSocketError : Socket Error # 10093
 : Addr: $0069FCBC
M3APP.exe: 00004ED8: 23:59:25 [ShutDownWebServer]:EIdWinsockStubError : Error on call to Winsock2 library function shutdown: O aplicativo n達o chamou WSAStartup ou WSAStartup falhou : Addr: $00691C13
M3APP.exe: 00004ED8: 23:59:25 [TUniServerModule]:HTTP Server Stopped.
M3APP.exe: 00004ED8: 23:59:25 [TUniGUISessionManager]:Terminating Session manager.
M3APP.exe: 00004ED8: 23:59:25 [TUniGUISessionManager]:Stopping Cache Eraser...
M3APP.exe: 00004ED8: 23:59:25 [TUniGUISessionManager]:Cache Eraser Stopped.
M3APP.exe: 00004ED8: 23:59:25 [TUniGUISessionManager]:Destroying Worker Threads.
M3APP.exe: 00004ED8: 23:59:25 [TUniGUISessionManager]:Session manager terminated.
M3APP.exe: 00004ED8: 23:59:25 [TUniServerModule]:Server Shutdown Completed.
M3APP.exe: 00004ED8: 23:59:25 []:<-------------------------------------------------------------->
M3APP.exe: 00001CC8: 23:59:43 []:>--------------------------------------------------------------<
M3APP.exe: 00001CC8: 23:59:43 [TUniServerModule]:Server First Init.
M3APP.exe: 00001CC8: 23:59:43 [TUniServerModule]:Debug Mode = ON
M3APP.exe: 00001CC8: 23:59:43 [TUniServerModule]:Starting HTTP Server on Port: 8077...
M3APP.exe: 00001CC8: 23:59:43 [TUniServerModule]:HTTP Server Started on Port: 8077
